android/app/build/intermediates/manifest_merge_blame_file/release/processReleaseMainManifest/manifest-merger-blame-release-report.txt
1<?xml version="1.0" encoding="utf-8"?>
2<manifest xmlns:android="http://schemas.android.com/apk/res/android"
3    package="com.example.budget_wise"
4    android:versionCode="1"
5    android:versionName="1.0" >
6
7    <uses-sdk
8        android:minSdkVersion="23"
9        android:targetSdkVersion="35" />
10
11    <queries>
11-->src\main\AndroidManifest.xml:37:5-42:15
12        <intent>
12-->src\main\AndroidManifest.xml:38:9-41:18
13            <action android:name="android.intent.action.PROCESS_TEXT" />
13-->src\main\AndroidManifest.xml:39:13-72
13-->src\main\AndroidManifest.xml:39:21-70
14
15            <data android:mimeType="text/plain" />
15-->src\main\AndroidManifest.xml:40:13-50
15-->src\main\AndroidManifest.xml:40:19-48
16        </intent>
17    </queries>
18    <!-- Although the *SdkVersion is captured in gradle build files, this is required for non gradle builds -->
19    <!-- <uses-sdk android:minSdkVersion="21" /> -->
20    <uses-permission android:name="android.permission.ACCESS_NETWORK_STATE" />
20-->[com.google.firebase:firebase-firestore:25.1.4] AndroidManifest.xml:10:5-79
20-->[com.google.firebase:firebase-firestore:25.1.4] AndroidManifest.xml:10:22-76
21    <uses-permission android:name="android.permission.INTERNET" />
21-->[com.google.firebase:firebase-firestore:25.1.4] AndroidManifest.xml:11:5-67
21-->[com.google.firebase:firebase-firestore:25.1.4] AndroidManifest.xml:11:22-64
22    <uses-permission android:name="com.google.android.providers.gsf.permission.READ_GSERVICES" />
22-->[com.google.android.recaptcha:recaptcha:18.6.1] AndroidManifest.xml:9:5-98
22-->[com.google.android.recaptcha:recaptcha:18.6.1] AndroidManifest.xml:9:22-95
23
24    <permission
24-->[androidx.core:core:1.13.1] AndroidManifest.xml:22:5-24:47
25        android:name="com.example.budget_wise.DYNAMIC_RECEIVER_NOT_EXPORTED_PERMISSION"
25-->[androidx.core:core:1.13.1] AndroidManifest.xml:23:9-81
26        android:protectionLevel="signature" />
26-->[androidx.core:core:1.13.1] AndroidManifest.xml:24:9-44
27
28    <uses-permission android:name="com.example.budget_wise.DYNAMIC_RECEIVER_NOT_EXPORTED_PERMISSION" />
28-->[androidx.core:core:1.13.1] AndroidManifest.xml:26:5-97
28-->[androidx.core:core:1.13.1] AndroidManifest.xml:26:22-94
29
30    <application
31        android:name="android.app.Application"
31-->src\main\AndroidManifest.xml:4:9-42
32        android:appComponentFactory="androidx.core.app.CoreComponentFactory"
32-->[androidx.core:core:1.13.1] AndroidManifest.xml:28:18-86
33        android:extractNativeLibs="false"
34        android:icon="@mipmap/ic_launcher"
34-->src\main\AndroidManifest.xml:5:9-43
35        android:label="Budget Wise" >
35-->src\main\AndroidManifest.xml:3:9-36
36
37        <!-- Google Sign-In metadata (optional but can be left here for safety) -->
38        <meta-data
38-->src\main\AndroidManifest.xml:8:9-10:69
39            android:name="com.google.android.gms.version"
39-->src\main\AndroidManifest.xml:9:13-58
40            android:value="@integer/google_play_services_version" />
40-->src\main\AndroidManifest.xml:10:13-66
41
42        <activity
42-->src\main\AndroidManifest.xml:12:9-30:20
43            android:name="com.example.budget_wise.MainActivity"
43-->src\main\AndroidManifest.xml:13:13-41
44            android:configChanges="orientation|keyboardHidden|keyboard|screenSize|smallestScreenSize|locale|layoutDirection|fontScale|screenLayout|density|uiMode"
44-->src\main\AndroidManifest.xml:18:13-163
45            android:exported="true"
45-->src\main\AndroidManifest.xml:14:13-36
46            android:hardwareAccelerated="true"
46-->src\main\AndroidManifest.xml:19:13-47
47            android:launchMode="singleTop"
47-->src\main\AndroidManifest.xml:15:13-43
48            android:taskAffinity=""
48-->src\main\AndroidManifest.xml:16:13-36
49            android:theme="@style/LaunchTheme"
49-->src\main\AndroidManifest.xml:17:13-47
50            android:windowSoftInputMode="adjustResize" >
50-->src\main\AndroidManifest.xml:20:13-55
51            <meta-data
51-->src\main\AndroidManifest.xml:22:13-24:55
52                android:name="io.flutter.embedding.android.NormalTheme"
52-->src\main\AndroidManifest.xml:23:15-70
53                android:resource="@style/NormalTheme" />
53-->src\main\AndroidManifest.xml:24:15-52
54
55            <intent-filter>
55-->src\main\AndroidManifest.xml:26:13-29:29
56                <action android:name="android.intent.action.MAIN" />
56-->src\main\AndroidManifest.xml:27:17-68
56-->src\main\AndroidManifest.xml:27:25-66
57
58                <category android:name="android.intent.category.LAUNCHER" />
58-->src\main\AndroidManifest.xml:28:17-76
58-->src\main\AndroidManifest.xml:28:27-74
59            </intent-filter>
60        </activity>
61
62        <meta-data
62-->src\main\AndroidManifest.xml:32:9-34:33
63            android:name="flutterEmbedding"
63-->src\main\AndroidManifest.xml:33:13-44
64            android:value="2" />
64-->src\main\AndroidManifest.xml:34:13-30
65
66        <service
66-->[:cloud_firestore] AndroidManifest.xml:8:9-12:19
67            android:name="com.google.firebase.components.ComponentDiscoveryService"
67-->[:cloud_firestore] AndroidManifest.xml:8:18-89
68            android:directBootAware="true"
68-->[com.google.firebase:firebase-common:21.0.0] AndroidManifest.xml:32:13-43
69            android:exported="false" >
69-->[com.google.firebase:firebase-firestore:25.1.4] AndroidManifest.xml:16:13-37
70            <meta-data
70-->[:cloud_firestore] AndroidManifest.xml:9:13-11:85
71                android:name="com.google.firebase.components:io.flutter.plugins.firebase.firestore.FlutterFirebaseFirestoreRegistrar"
71-->[:cloud_firestore] AndroidManifest.xml:10:17-134
72                android:value="com.google.firebase.components.ComponentRegistrar" />
72-->[:cloud_firestore] AndroidManifest.xml:11:17-82
73            <meta-data
73-->[:firebase_auth] AndroidManifest.xml:9:13-11:85
74                android:name="com.google.firebase.components:io.flutter.plugins.firebase.auth.FlutterFirebaseAuthRegistrar"
74-->[:firebase_auth] AndroidManifest.xml:10:17-124
75                android:value="com.google.firebase.components.ComponentRegistrar" />
75-->[:firebase_auth] AndroidManifest.xml:11:17-82
76            <meta-data
76-->[:firebase_core] AndroidManifest.xml:9:13-11:85
77                android:name="com.google.firebase.components:io.flutter.plugins.firebase.core.FlutterFirebaseCoreRegistrar"
77-->[:firebase_core] AndroidManifest.xml:10:17-124
78                android:value="com.google.firebase.components.ComponentRegistrar" />
78-->[:firebase_core] AndroidManifest.xml:11:17-82
79            <meta-data
79-->[com.google.firebase:firebase-firestore:25.1.4] AndroidManifest.xml:17:13-19:85
80                android:name="com.google.firebase.components:com.google.firebase.firestore.FirebaseFirestoreKtxRegistrar"
80-->[com.google.firebase:firebase-firestore:25.1.4] AndroidManifest.xml:18:17-122
81                android:value="com.google.firebase.components.ComponentRegistrar" />
81-->[com.google.firebase:firebase-firestore:25.1.4] AndroidManifest.xml:19:17-82
82            <meta-data
82-->[com.google.firebase:firebase-firestore:25.1.4] AndroidManifest.xml:20:13-22:85
83                android:name="com.google.firebase.components:com.google.firebase.firestore.FirestoreRegistrar"
83-->[com.google.firebase:firebase-firestore:25.1.4] AndroidManifest.xml:21:17-111
84                android:value="com.google.firebase.components.ComponentRegistrar" />
84-->[com.google.firebase:firebase-firestore:25.1.4] AndroidManifest.xml:22:17-82
85            <meta-data
85-->[com.google.firebase:firebase-auth:23.2.1] AndroidManifest.xml:69:13-71:85
86                android:name="com.google.firebase.components:com.google.firebase.auth.FirebaseAuthRegistrar"
86-->[com.google.firebase:firebase-auth:23.2.1] AndroidManifest.xml:70:17-109
87                android:value="com.google.firebase.components.ComponentRegistrar" />
87-->[com.google.firebase:firebase-auth:23.2.1] AndroidManifest.xml:71:17-82
88            <meta-data
88-->[com.google.firebase:firebase-common-ktx:21.0.0] AndroidManifest.xml:12:13-14:85
89                android:name="com.google.firebase.components:com.google.firebase.ktx.FirebaseCommonLegacyRegistrar"
89-->[com.google.firebase:firebase-common-ktx:21.0.0] AndroidManifest.xml:13:17-116
90                android:value="com.google.firebase.components.ComponentRegistrar" />
90-->[com.google.firebase:firebase-common-ktx:21.0.0] AndroidManifest.xml:14:17-82
91            <meta-data
91-->[com.google.firebase:firebase-common:21.0.0] AndroidManifest.xml:35:13-37:85
92                android:name="com.google.firebase.components:com.google.firebase.FirebaseCommonKtxRegistrar"
92-->[com.google.firebase:firebase-common:21.0.0] AndroidManifest.xml:36:17-109
93                android:value="com.google.firebase.components.ComponentRegistrar" />
93-->[com.google.firebase:firebase-common:21.0.0] AndroidManifest.xml:37:17-82
94        </service>
95
96        <activity
96-->[com.google.firebase:firebase-auth:23.2.1] AndroidManifest.xml:29:9-46:20
97            android:name="com.google.firebase.auth.internal.GenericIdpActivity"
97-->[com.google.firebase:firebase-auth:23.2.1] AndroidManifest.xml:30:13-80
98            android:excludeFromRecents="true"
98-->[com.google.firebase:firebase-auth:23.2.1] AndroidManifest.xml:31:13-46
99            android:exported="true"
99-->[com.google.firebase:firebase-auth:23.2.1] AndroidManifest.xml:32:13-36
100            android:launchMode="singleTask"
100-->[com.google.firebase:firebase-auth:23.2.1] AndroidManifest.xml:33:13-44
101            android:theme="@android:style/Theme.Translucent.NoTitleBar" >
101-->[com.google.firebase:firebase-auth:23.2.1] AndroidManifest.xml:34:13-72
102            <intent-filter>
102-->[com.google.firebase:firebase-auth:23.2.1] AndroidManifest.xml:35:13-45:29
103                <action android:name="android.intent.action.VIEW" />
103-->[com.google.firebase:firebase-auth:23.2.1] AndroidManifest.xml:36:17-69
103-->[com.google.firebase:firebase-auth:23.2.1] AndroidManifest.xml:36:25-66
104
105                <category android:name="android.intent.category.DEFAULT" />
105-->[com.google.firebase:firebase-auth:23.2.1] AndroidManifest.xml:38:17-76
105-->[com.google.firebase:firebase-auth:23.2.1] AndroidManifest.xml:38:27-73
106                <category android:name="android.intent.category.BROWSABLE" />
106-->[com.google.firebase:firebase-auth:23.2.1] AndroidManifest.xml:39:17-78
106-->[com.google.firebase:firebase-auth:23.2.1] AndroidManifest.xml:39:27-75
107
108                <data
108-->src\main\AndroidManifest.xml:40:13-50
109                    android:host="firebase.auth"
110                    android:path="/"
111                    android:scheme="genericidp" />
112            </intent-filter>
113        </activity>
114        <activity
114-->[com.google.firebase:firebase-auth:23.2.1] AndroidManifest.xml:47:9-64:20
115            android:name="com.google.firebase.auth.internal.RecaptchaActivity"
115-->[com.google.firebase:firebase-auth:23.2.1] AndroidManifest.xml:48:13-79
116            android:excludeFromRecents="true"
116-->[com.google.firebase:firebase-auth:23.2.1] AndroidManifest.xml:49:13-46
117            android:exported="true"
117-->[com.google.firebase:firebase-auth:23.2.1] AndroidManifest.xml:50:13-36
118            android:launchMode="singleTask"
118-->[com.google.firebase:firebase-auth:23.2.1] AndroidManifest.xml:51:13-44
119            android:theme="@android:style/Theme.Translucent.NoTitleBar" >
119-->[com.google.firebase:firebase-auth:23.2.1] AndroidManifest.xml:52:13-72
120            <intent-filter>
120-->[com.google.firebase:firebase-auth:23.2.1] AndroidManifest.xml:53:13-63:29
121                <action android:name="android.intent.action.VIEW" />
121-->[com.google.firebase:firebase-auth:23.2.1] AndroidManifest.xml:36:17-69
121-->[com.google.firebase:firebase-auth:23.2.1] AndroidManifest.xml:36:25-66
122
123                <category android:name="android.intent.category.DEFAULT" />
123-->[com.google.firebase:firebase-auth:23.2.1] AndroidManifest.xml:38:17-76
123-->[com.google.firebase:firebase-auth:23.2.1] AndroidManifest.xml:38:27-73
124                <category android:name="android.intent.category.BROWSABLE" />
124-->[com.google.firebase:firebase-auth:23.2.1] AndroidManifest.xml:39:17-78
124-->[com.google.firebase:firebase-auth:23.2.1] AndroidManifest.xml:39:27-75
125
126                <data
126-->src\main\AndroidManifest.xml:40:13-50
127                    android:host="firebase.auth"
128                    android:path="/"
129                    android:scheme="recaptcha" />
130            </intent-filter>
131        </activity>
132
133        <service
133-->[androidx.credentials:credentials-play-services-auth:1.2.0-rc01] AndroidManifest.xml:24:9-32:19
134            android:name="androidx.credentials.playservices.CredentialProviderMetadataHolder"
134-->[androidx.credentials:credentials-play-services-auth:1.2.0-rc01] AndroidManifest.xml:25:13-94
135            android:enabled="true"
135-->[androidx.credentials:credentials-play-services-auth:1.2.0-rc01] AndroidManifest.xml:26:13-35
136            android:exported="false" >
136-->[androidx.credentials:credentials-play-services-auth:1.2.0-rc01] AndroidManifest.xml:27:13-37
137            <meta-data
137-->[androidx.credentials:credentials-play-services-auth:1.2.0-rc01] AndroidManifest.xml:29:13-31:104
138                android:name="androidx.credentials.CREDENTIAL_PROVIDER_KEY"
138-->[androidx.credentials:credentials-play-services-auth:1.2.0-rc01] AndroidManifest.xml:30:17-76
139                android:value="androidx.credentials.playservices.CredentialProviderPlayServicesImpl" />
139-->[androidx.credentials:credentials-play-services-auth:1.2.0-rc01] AndroidManifest.xml:31:17-101
140        </service>
141
142        <activity
142-->[androidx.credentials:credentials-play-services-auth:1.2.0-rc01] AndroidManifest.xml:34:9-41:20
143            android:name="androidx.credentials.playservices.HiddenActivity"
143-->[androidx.credentials:credentials-play-services-auth:1.2.0-rc01] AndroidManifest.xml:35:13-76
144            android:configChanges="orientation|screenSize|screenLayout|keyboardHidden"
144-->[androidx.credentials:credentials-play-services-auth:1.2.0-rc01] AndroidManifest.xml:36:13-87
145            android:enabled="true"
145-->[androidx.credentials:credentials-play-services-auth:1.2.0-rc01] AndroidManifest.xml:37:13-35
146            android:exported="false"
146-->[androidx.credentials:credentials-play-services-auth:1.2.0-rc01] AndroidManifest.xml:38:13-37
147            android:fitsSystemWindows="true"
147-->[androidx.credentials:credentials-play-services-auth:1.2.0-rc01] AndroidManifest.xml:39:13-45
148            android:theme="@style/Theme.Hidden" >
148-->[androidx.credentials:credentials-play-services-auth:1.2.0-rc01] AndroidManifest.xml:40:13-48
149        </activity>
150        <activity
150-->[com.google.android.gms:play-services-auth:21.0.0] AndroidManifest.xml:23:9-27:75
151            android:name="com.google.android.gms.auth.api.signin.internal.SignInHubActivity"
151-->[com.google.android.gms:play-services-auth:21.0.0] AndroidManifest.xml:24:13-93
152            android:excludeFromRecents="true"
152-->[com.google.android.gms:play-services-auth:21.0.0] AndroidManifest.xml:25:13-46
153            android:exported="false"
153-->[com.google.android.gms:play-services-auth:21.0.0] AndroidManifest.xml:26:13-37
154            android:theme="@android:style/Theme.Translucent.NoTitleBar" />
154-->[com.google.android.gms:play-services-auth:21.0.0] AndroidManifest.xml:27:13-72
155        <!--
156            Service handling Google Sign-In user revocation. For apps that do not integrate with
157            Google Sign-In, this service will never be started.
158        -->
159        <service
159-->[com.google.android.gms:play-services-auth:21.0.0] AndroidManifest.xml:33:9-37:51
160            android:name="com.google.android.gms.auth.api.signin.RevocationBoundService"
160-->[com.google.android.gms:play-services-auth:21.0.0] AndroidManifest.xml:34:13-89
161            android:exported="true"
161-->[com.google.android.gms:play-services-auth:21.0.0] AndroidManifest.xml:35:13-36
162            android:permission="com.google.android.gms.auth.api.signin.permission.REVOCATION_NOTIFICATION"
162-->[com.google.android.gms:play-services-auth:21.0.0] AndroidManifest.xml:36:13-107
163            android:visibleToInstantApps="true" />
163-->[com.google.android.gms:play-services-auth:21.0.0] AndroidManifest.xml:37:13-48
164
165        <activity
165-->[com.google.android.gms:play-services-base:18.1.0] AndroidManifest.xml:20:9-22:45
166            android:name="com.google.android.gms.common.api.GoogleApiActivity"
166-->[com.google.android.gms:play-services-base:18.1.0] AndroidManifest.xml:20:19-85
167            android:exported="false"
167-->[com.google.android.gms:play-services-base:18.1.0] AndroidManifest.xml:22:19-43
168            android:theme="@android:style/Theme.Translucent.NoTitleBar" />
168-->[com.google.android.gms:play-services-base:18.1.0] AndroidManifest.xml:21:19-78
169
170        <provider
170-->[com.google.firebase:firebase-common:21.0.0] AndroidManifest.xml:23:9-28:39
171            android:name="com.google.firebase.provider.FirebaseInitProvider"
171-->[com.google.firebase:firebase-common:21.0.0] AndroidManifest.xml:24:13-77
172            android:authorities="com.example.budget_wise.firebaseinitprovider"
172-->[com.google.firebase:firebase-common:21.0.0] AndroidManifest.xml:25:13-72
173            android:directBootAware="true"
173-->[com.google.firebase:firebase-common:21.0.0] AndroidManifest.xml:26:13-43
174            android:exported="false"
174-->[com.google.firebase:firebase-common:21.0.0] AndroidManifest.xml:27:13-37
175            android:initOrder="100" />
175-->[com.google.firebase:firebase-common:21.0.0] AndroidManifest.xml:28:13-36
176
177        <uses-library
177-->[androidx.window:window:1.2.0] AndroidManifest.xml:23:9-25:40
178            android:name="androidx.window.extensions"
178-->[androidx.window:window:1.2.0] AndroidManifest.xml:24:13-54
179            android:required="false" />
179-->[androidx.window:window:1.2.0] AndroidManifest.xml:25:13-37
180        <uses-library
180-->[androidx.window:window:1.2.0] AndroidManifest.xml:26:9-28:40
181            android:name="androidx.window.sidecar"
181-->[androidx.window:window:1.2.0] AndroidManifest.xml:27:13-51
182            android:required="false" />
182-->[androidx.window:window:1.2.0] AndroidManifest.xml:28:13-37
183
184        <provider
184-->[androidx.lifecycle:lifecycle-process:2.7.0] AndroidManifest.xml:24:9-32:20
185            android:name="androidx.startup.InitializationProvider"
185-->[androidx.lifecycle:lifecycle-process:2.7.0] AndroidManifest.xml:25:13-67
186            android:authorities="com.example.budget_wise.androidx-startup"
186-->[androidx.lifecycle:lifecycle-process:2.7.0] AndroidManifest.xml:26:13-68
187            android:exported="false" >
187-->[androidx.lifecycle:lifecycle-process:2.7.0] AndroidManifest.xml:27:13-37
188            <meta-data
188-->[androidx.lifecycle:lifecycle-process:2.7.0] AndroidManifest.xml:29:13-31:52
189                android:name="androidx.lifecycle.ProcessLifecycleInitializer"
189-->[androidx.lifecycle:lifecycle-process:2.7.0] AndroidManifest.xml:30:17-78
190                android:value="androidx.startup" />
190-->[androidx.lifecycle:lifecycle-process:2.7.0] AndroidManifest.xml:31:17-49
191            <meta-data
191-->[androidx.profileinstaller:profileinstaller:1.3.1] AndroidManifest.xml:29:13-31:52
192                android:name="androidx.profileinstaller.ProfileInstallerInitializer"
192-->[androidx.profileinstaller:profileinstaller:1.3.1] AndroidManifest.xml:30:17-85
193                android:value="androidx.startup" />
193-->[androidx.profileinstaller:profileinstaller:1.3.1] AndroidManifest.xml:31:17-49
194        </provider>
195
196        <receiver
196-->[androidx.profileinstaller:profileinstaller:1.3.1] AndroidManifest.xml:34:9-52:20
197            android:name="androidx.profileinstaller.ProfileInstallReceiver"
197-->[androidx.profileinstaller:profileinstaller:1.3.1] AndroidManifest.xml:35:13-76
198            android:directBootAware="false"
198-->[androidx.profileinstaller:profileinstaller:1.3.1] AndroidManifest.xml:36:13-44
199            android:enabled="true"
199-->[androidx.profileinstaller:profileinstaller:1.3.1] AndroidManifest.xml:37:13-35
200            android:exported="true"
200-->[androidx.profileinstaller:profileinstaller:1.3.1] AndroidManifest.xml:38:13-36
201            android:permission="android.permission.DUMP" >
201-->[androidx.profileinstaller:profileinstaller:1.3.1] AndroidManifest.xml:39:13-57
202            <intent-filter>
202-->[androidx.profileinstaller:profileinstaller:1.3.1] AndroidManifest.xml:40:13-42:29
203                <action android:name="androidx.profileinstaller.action.INSTALL_PROFILE" />
203-->[androidx.profileinstaller:profileinstaller:1.3.1] AndroidManifest.xml:41:17-91
203-->[androidx.profileinstaller:profileinstaller:1.3.1] AndroidManifest.xml:41:25-88
204            </intent-filter>
205            <intent-filter>
205-->[androidx.profileinstaller:profileinstaller:1.3.1] AndroidManifest.xml:43:13-45:29
206                <action android:name="androidx.profileinstaller.action.SKIP_FILE" />
206-->[androidx.profileinstaller:profileinstaller:1.3.1] AndroidManifest.xml:44:17-85
206-->[androidx.profileinstaller:profileinstaller:1.3.1] AndroidManifest.xml:44:25-82
207            </intent-filter>
208            <intent-filter>
208-->[androidx.profileinstaller:profileinstaller:1.3.1] AndroidManifest.xml:46:13-48:29
209                <action android:name="androidx.profileinstaller.action.SAVE_PROFILE" />
209-->[androidx.profileinstaller:profileinstaller:1.3.1] AndroidManifest.xml:47:17-88
209-->[androidx.profileinstaller:profileinstaller:1.3.1] AndroidManifest.xml:47:25-85
210            </intent-filter>
211            <intent-filter>
211-->[androidx.profileinstaller:profileinstaller:1.3.1] AndroidManifest.xml:49:13-51:29
212                <action android:name="androidx.profileinstaller.action.BENCHMARK_OPERATION" />
212-->[androidx.profileinstaller:profileinstaller:1.3.1] AndroidManifest.xml:50:17-95
212-->[androidx.profileinstaller:profileinstaller:1.3.1] AndroidManifest.xml:50:25-92
213            </intent-filter>
214        </receiver> <!-- The activities will be merged into the manifest of the hosting app. -->
215        <activity
215-->[com.google.android.play:core-common:2.0.3] AndroidManifest.xml:14:9-18:65
216            android:name="com.google.android.play.core.common.PlayCoreDialogWrapperActivity"
216-->[com.google.android.play:core-common:2.0.3] AndroidManifest.xml:15:13-93
217            android:exported="false"
217-->[com.google.android.play:core-common:2.0.3] AndroidManifest.xml:16:13-37
218            android:stateNotNeeded="true"
218-->[com.google.android.play:core-common:2.0.3] AndroidManifest.xml:17:13-42
219            android:theme="@style/Theme.PlayCore.Transparent" />
219-->[com.google.android.play:core-common:2.0.3] AndroidManifest.xml:18:13-62
220    </application>
221
222</manifest>